<?xml version="1.0" encoding="UTF-8"?>
<!-- Generated by org.testng.reporters.JUnitReportReporter -->
<testsuite skipped="0" hostname="DESKTOP-A3ORGD2" name="TestOne" tests="1" failures="0" timestamp="2022-06-09T17:35:21 EEST" time="0.005" errors="0">
  <testcase name="doit" time="0.005" classname="TestOne"/>
  <system-out/>
</testsuite> <!-- TestOne -->
